[1/4] C:\PROGRA~1\MICROS~2\2022\COMMUN~1\VC\Tools\MSVC\1437~1.328\bin\Hostx64\x86\cl.exe   /TP -DFMT_EXPORT -DFMT_LOCALE -Dfmt_EXPORTS -IC:\Users\Patri\Documents\GitHub\quake2-rerelease-dll\rerelease\vcpkg_installed\vcpkg\blds\fmt\src\2b3b374f0b-8ea71ee8ea.clean\include /nologo /DWIN32 /D_WINDOWS /W3 /utf-8 /GR /EHsc /MP  /D_DEBUG /MDd /Z7 /Ob0 /Od /RTC1  -MDd /showIncludes /FoCMakeFiles\fmt.dir\src\os.cc.obj /FdCMakeFiles\fmt.dir\ /FS -c C:\Users\Patri\Documents\GitHub\quake2-rerelease-dll\rerelease\vcpkg_installed\vcpkg\blds\fmt\src\2b3b374f0b-8ea71ee8ea.clean\src\os.cc
[2/4] C:\PROGRA~1\MICROS~2\2022\COMMUN~1\VC\Tools\MSVC\1437~1.328\bin\Hostx64\x86\cl.exe   /TP -DFMT_EXPORT -DFMT_LOCALE -Dfmt_EXPORTS -IC:\Users\Patri\Documents\GitHub\quake2-rerelease-dll\rerelease\vcpkg_installed\vcpkg\blds\fmt\src\2b3b374f0b-8ea71ee8ea.clean\include /nologo /DWIN32 /D_WINDOWS /W3 /utf-8 /GR /EHsc /MP  /D_DEBUG /MDd /Z7 /Ob0 /Od /RTC1  -MDd /showIncludes /FoCMakeFiles\fmt.dir\src\format.cc.obj /FdCMakeFiles\fmt.dir\ /FS -c C:\Users\Patri\Documents\GitHub\quake2-rerelease-dll\rerelease\vcpkg_installed\vcpkg\blds\fmt\src\2b3b374f0b-8ea71ee8ea.clean\src\format.cc
[3/4] cmd.exe /C "cd . && C:\Users\Patri\AppData\Local\vcpkg\downloads\tools\cmake-3.25.1-windows\cmake-3.25.1-windows-i386\bin\cmake.exe -E vs_link_dll --intdir=CMakeFiles\fmt.dir --rc=C:\PROGRA~2\WI3CF2~1\10\bin\100226~1.0\x64\rc.exe --mt=C:\PROGRA~2\WI3CF2~1\10\bin\100226~1.0\x64\mt.exe --manifests  -- C:\PROGRA~1\MICROS~2\2022\COMMUN~1\VC\Tools\MSVC\1437~1.328\bin\Hostx64\x86\link.exe  CMakeFiles\fmt.dir\src\format.cc.obj CMakeFiles\fmt.dir\src\os.cc.obj  /out:bin\fmtd.dll /implib:fmtd.lib /pdb:bin\fmtd.pdb /dll /version:7.1 /machine:X86 /nologo    /debug /INCREMENTAL  kernel32.lib user32.lib gdi32.lib winspool.lib shell32.lib ole32.lib oleaut32.lib uuid.lib comdlg32.lib advapi32.lib  && cd ."
[3/4] cmd.exe /C "cd /D C:\Users\Patri\Documents\GitHub\quake2-rerelease-dll\rerelease\vcpkg_installed\vcpkg\blds\fmt\x86-windows-dbg && C:\Users\Patri\AppData\Local\vcpkg\dow-- Install configuration: "Debug"
-- Installing: C:/Users/Patri/Documents/GitHub/quake2-rerelease-dll/rerelease/vcpkg_installed/vcpkg/pkgs/fmt_x86-windows/debug/share/fmt/fmt-config.cmake
-- Installing: C:/Users/Patri/Documents/GitHub/quake2-rerelease-dll/rerelease/vcpkg_installed/vcpkg/pkgs/fmt_x86-windows/debug/share/fmt/fmt-config-version.cmake
-- Installing: C:/Users/Patri/Documents/GitHub/quake2-rerelease-dll/rerelease/vcpkg_installed/vcpkg/pkgs/fmt_x86-windows/debug/share/fmt/fmt-targets.cmake
-- Installing: C:/Users/Patri/Documents/GitHub/quake2-rerelease-dll/rerelease/vcpkg_installed/vcpkg/pkgs/fmt_x86-windows/debug/share/fmt/fmt-targets-debug.cmake
-- Installing: C:/Users/Patri/Documents/GitHub/quake2-rerelease-dll/rerelease/vcpkg_installed/vcpkg/pkgs/fmt_x86-windows/debug/lib/fmtd.lib
-- Installing: C:/Users/Patri/Documents/GitHub/quake2-rerelease-dll/rerelease/vcpkg_installed/vcpkg/pkgs/fmt_x86-windows/debug/bin/fmtd.dll
-- Installing: C:/Users/Patri/Documents/GitHub/quake2-rerelease-dll/rerelease/vcpkg_installed/vcpkg/pkgs/fmt_x86-windows/debug/include/fmt/chrono.h
-- Installing: C:/Users/Patri/Documents/GitHub/quake2-rerelease-dll/rerelease/vcpkg_installed/vcpkg/pkgs/fmt_x86-windows/debug/include/fmt/color.h
-- Installing: C:/Users/Patri/Documents/GitHub/quake2-rerelease-dll/rerelease/vcpkg_installed/vcpkg/pkgs/fmt_x86-windows/debug/include/fmt/compile.h
-- Installing: C:/Users/Patri/Documents/GitHub/quake2-rerelease-dll/rerelease/vcpkg_installed/vcpkg/pkgs/fmt_x86-windows/debug/include/fmt/core.h
-- Installing: C:/Users/Patri/Documents/GitHub/quake2-rerelease-dll/rerelease/vcpkg_installed/vcpkg/pkgs/fmt_x86-windows/debug/include/fmt/format.h
-- Installing: C:/Users/Patri/Documents/GitHub/quake2-rerelease-dll/rerelease/vcpkg_installed/vcpkg/pkgs/fmt_x86-windows/debug/include/fmt/format-inl.h
-- Installing: C:/Users/Patri/Documents/GitHub/quake2-rerelease-dll/rerelease/vcpkg_installed/vcpkg/pkgs/fmt_x86-windows/debug/include/fmt/locale.h
-- Installing: C:/Users/Patri/Documents/GitHub/quake2-rerelease-dll/rerelease/vcpkg_installed/vcpkg/pkgs/fmt_x86-windows/debug/include/fmt/os.h
-- Installing: C:/Users/Patri/Documents/GitHub/quake2-rerelease-dll/rerelease/vcpkg_installed/vcpkg/pkgs/fmt_x86-windows/debug/include/fmt/ostream.h
-- Installing: C:/Users/Patri/Documents/GitHub/quake2-rerelease-dll/rerelease/vcpkg_installed/vcpkg/pkgs/fmt_x86-windows/debug/include/fmt/posix.h
-- Installing: C:/Users/Patri/Documents/GitHub/quake2-rerelease-dll/rerelease/vcpkg_installed/vcpkg/pkgs/fmt_x86-windows/debug/include/fmt/printf.h
-- Installing: C:/Users/Patri/Documents/GitHub/quake2-rerelease-dll/rerelease/vcpkg_installed/vcpkg/pkgs/fmt_x86-windows/debug/include/fmt/ranges.h
-- Installing: C:/Users/Patri/Documents/GitHub/quake2-rerelease-dll/rerelease/vcpkg_installed/vcpkg/pkgs/fmt_x86-windows/debug/lib/pkgconfig/fmt.pc
nloads\tools\cmake-3.25.1-windows\cmake-3.25.1-windows-i386\bin\cmake.exe -P cmake_install.cmake"
