[1/8] C:\PROGRA~1\MICROS~2\2022\COMMUN~1\VC\Tools\MSVC\1437~1.328\bin\Hostx64\x86\cl.exe   /TP -DJSON_DLL_BUILD -Djsoncpp_lib_EXPORTS -IC:\Users\Patri\Documents\GitHub\quake2-rerelease-dll\rerelease\vcpkg_installed\vcpkg\blds\jsoncpp\src\3918c327b1-034a82149a.clean\include -IC:\Users\Patri\Documents\GitHub\quake2-rerelease-dll\rerelease\vcpkg_installed\vcpkg\blds\jsoncpp\src\3918c327b1-034a82149a.clean\src\lib_json\..\..\include -IC:\Users\Patri\Documents\GitHub\quake2-rerelease-dll\rerelease\vcpkg_installed\vcpkg\blds\jsoncpp\x86-windows-rel\include\json /nologo /DWIN32 /D_WINDOWS /W3 /utf-8 /GR /EHsc /MP  /MD /O2 /Oi /Gy /DNDEBUG /Z7 /showIncludes /Fosrc\lib_json\CMakeFiles\jsoncpp_lib.dir\json_value.cpp.obj /Fdsrc\lib_json\CMakeFiles\jsoncpp_lib.dir\ /FS -c C:\Users\Patri\Documents\GitHub\quake2-rerelease-dll\rerelease\vcpkg_installed\vcpkg\blds\jsoncpp\src\3918c327b1-034a82149a.clean\src\lib_json\json_value.cpp
C:\Users\Patri\Documents\GitHub\quake2-rerelease-dll\rerelease\vcpkg_installed\vcpkg\blds\jsoncpp\src\3918c327b1-034a82149a.clean\include\json/value.h(67): warning C4275: non dll-interface class 'std::exception' used as base for dll-interface class 'Json::Exception'
C:\Program Files\Microsoft Visual Studio\2022\Community\VC\Tools\MSVC\14.37.32822\include\exception(39): note: see declaration of 'std::exception'
C:\Users\Patri\Documents\GitHub\quake2-rerelease-dll\rerelease\vcpkg_installed\vcpkg\blds\jsoncpp\src\3918c327b1-034a82149a.clean\include\json/value.h(67): note: see declaration of 'Json::Exception'
[2/8] C:\PROGRA~1\MICROS~2\2022\COMMUN~1\VC\Tools\MSVC\1437~1.328\bin\Hostx64\x86\cl.exe   /TP -DJSON_DLL_BUILD -Djsoncpp_lib_EXPORTS -IC:\Users\Patri\Documents\GitHub\quake2-rerelease-dll\rerelease\vcpkg_installed\vcpkg\blds\jsoncpp\src\3918c327b1-034a82149a.clean\include -IC:\Users\Patri\Documents\GitHub\quake2-rerelease-dll\rerelease\vcpkg_installed\vcpkg\blds\jsoncpp\src\3918c327b1-034a82149a.clean\src\lib_json\..\..\include -IC:\Users\Patri\Documents\GitHub\quake2-rerelease-dll\rerelease\vcpkg_installed\vcpkg\blds\jsoncpp\x86-windows-rel\include\json /nologo /DWIN32 /D_WINDOWS /W3 /utf-8 /GR /EHsc /MP  /MD /O2 /Oi /Gy /DNDEBUG /Z7 /showIncludes /Fosrc\lib_json\CMakeFiles\jsoncpp_lib.dir\json_writer.cpp.obj /Fdsrc\lib_json\CMakeFiles\jsoncpp_lib.dir\ /FS -c C:\Users\Patri\Documents\GitHub\quake2-rerelease-dll\rerelease\vcpkg_installed\vcpkg\blds\jsoncpp\src\3918c327b1-034a82149a.clean\src\lib_json\json_writer.cpp
C:\Users\Patri\Documents\GitHub\quake2-rerelease-dll\rerelease\vcpkg_installed\vcpkg\blds\jsoncpp\src\3918c327b1-034a82149a.clean\include\json\value.h(67): warning C4275: non dll-interface class 'std::exception' used as base for dll-interface class 'Json::Exception'
C:\Program Files\Microsoft Visual Studio\2022\Community\VC\Tools\MSVC\14.37.32822\include\exception(39): note: see declaration of 'std::exception'
C:\Users\Patri\Documents\GitHub\quake2-rerelease-dll\rerelease\vcpkg_installed\vcpkg\blds\jsoncpp\src\3918c327b1-034a82149a.clean\include\json\value.h(67): note: see declaration of 'Json::Exception'
[3/8] C:\PROGRA~1\MICROS~2\2022\COMMUN~1\VC\Tools\MSVC\1437~1.328\bin\Hostx64\x86\cl.exe   /TP -DJSON_DLL_BUILD -IC:\Users\Patri\Documents\GitHub\quake2-rerelease-dll\rerelease\vcpkg_installed\vcpkg\blds\jsoncpp\src\3918c327b1-034a82149a.clean\include -IC:\Users\Patri\Documents\GitHub\quake2-rerelease-dll\rerelease\vcpkg_installed\vcpkg\blds\jsoncpp\src\3918c327b1-034a82149a.clean\src\lib_json\..\..\include -IC:\Users\Patri\Documents\GitHub\quake2-rerelease-dll\rerelease\vcpkg_installed\vcpkg\blds\jsoncpp\x86-windows-rel\include\json /nologo /DWIN32 /D_WINDOWS /W3 /utf-8 /GR /EHsc /MP  /MD /O2 /Oi /Gy /DNDEBUG /Z7 /showIncludes /Fosrc\lib_json\CMakeFiles\jsoncpp_object.dir\json_value.cpp.obj /Fdsrc\lib_json\CMakeFiles\jsoncpp_object.dir\ /FS -c C:\Users\Patri\Documents\GitHub\quake2-rerelease-dll\rerelease\vcpkg_installed\vcpkg\blds\jsoncpp\src\3918c327b1-034a82149a.clean\src\lib_json\json_value.cpp
C:\Users\Patri\Documents\GitHub\quake2-rerelease-dll\rerelease\vcpkg_installed\vcpkg\blds\jsoncpp\src\3918c327b1-034a82149a.clean\include\json/value.h(67): warning C4275: non dll-interface class 'std::exception' used as base for dll-interface class 'Json::Exception'
C:\Program Files\Microsoft Visual Studio\2022\Community\VC\Tools\MSVC\14.37.32822\include\exception(39): note: see declaration of 'std::exception'
C:\Users\Patri\Documents\GitHub\quake2-rerelease-dll\rerelease\vcpkg_installed\vcpkg\blds\jsoncpp\src\3918c327b1-034a82149a.clean\include\json/value.h(67): note: see declaration of 'Json::Exception'
[4/8] C:\PROGRA~1\MICROS~2\2022\COMMUN~1\VC\Tools\MSVC\1437~1.328\bin\Hostx64\x86\cl.exe   /TP -DJSON_DLL_BUILD -IC:\Users\Patri\Documents\GitHub\quake2-rerelease-dll\rerelease\vcpkg_installed\vcpkg\blds\jsoncpp\src\3918c327b1-034a82149a.clean\include -IC:\Users\Patri\Documents\GitHub\quake2-rerelease-dll\rerelease\vcpkg_installed\vcpkg\blds\jsoncpp\src\3918c327b1-034a82149a.clean\src\lib_json\..\..\include -IC:\Users\Patri\Documents\GitHub\quake2-rerelease-dll\rerelease\vcpkg_installed\vcpkg\blds\jsoncpp\x86-windows-rel\include\json /nologo /DWIN32 /D_WINDOWS /W3 /utf-8 /GR /EHsc /MP  /MD /O2 /Oi /Gy /DNDEBUG /Z7 /showIncludes /Fosrc\lib_json\CMakeFiles\jsoncpp_object.dir\json_writer.cpp.obj /Fdsrc\lib_json\CMakeFiles\jsoncpp_object.dir\ /FS -c C:\Users\Patri\Documents\GitHub\quake2-rerelease-dll\rerelease\vcpkg_installed\vcpkg\blds\jsoncpp\src\3918c327b1-034a82149a.clean\src\lib_json\json_writer.cpp
C:\Users\Patri\Documents\GitHub\quake2-rerelease-dll\rerelease\vcpkg_installed\vcpkg\blds\jsoncpp\src\3918c327b1-034a82149a.clean\include\json\value.h(67): warning C4275: non dll-interface class 'std::exception' used as base for dll-interface class 'Json::Exception'
C:\Program Files\Microsoft Visual Studio\2022\Community\VC\Tools\MSVC\14.37.32822\include\exception(39): note: see declaration of 'std::exception'
C:\Users\Patri\Documents\GitHub\quake2-rerelease-dll\rerelease\vcpkg_installed\vcpkg\blds\jsoncpp\src\3918c327b1-034a82149a.clean\include\json\value.h(67): note: see declaration of 'Json::Exception'
[5/8] C:\PROGRA~1\MICROS~2\2022\COMMUN~1\VC\Tools\MSVC\1437~1.328\bin\Hostx64\x86\cl.exe   /TP -DJSON_DLL_BUILD -IC:\Users\Patri\Documents\GitHub\quake2-rerelease-dll\rerelease\vcpkg_installed\vcpkg\blds\jsoncpp\src\3918c327b1-034a82149a.clean\include -IC:\Users\Patri\Documents\GitHub\quake2-rerelease-dll\rerelease\vcpkg_installed\vcpkg\blds\jsoncpp\src\3918c327b1-034a82149a.clean\src\lib_json\..\..\include -IC:\Users\Patri\Documents\GitHub\quake2-rerelease-dll\rerelease\vcpkg_installed\vcpkg\blds\jsoncpp\x86-windows-rel\include\json /nologo /DWIN32 /D_WINDOWS /W3 /utf-8 /GR /EHsc /MP  /MD /O2 /Oi /Gy /DNDEBUG /Z7 /showIncludes /Fosrc\lib_json\CMakeFiles\jsoncpp_object.dir\json_reader.cpp.obj /Fdsrc\lib_json\CMakeFiles\jsoncpp_object.dir\ /FS -c C:\Users\Patri\Documents\GitHub\quake2-rerelease-dll\rerelease\vcpkg_installed\vcpkg\blds\jsoncpp\src\3918c327b1-034a82149a.clean\src\lib_json\json_reader.cpp
C:\Users\Patri\Documents\GitHub\quake2-rerelease-dll\rerelease\vcpkg_installed\vcpkg\blds\jsoncpp\src\3918c327b1-034a82149a.clean\include\json\value.h(67): warning C4275: non dll-interface class 'std::exception' used as base for dll-interface class 'Json::Exception'
C:\Program Files\Microsoft Visual Studio\2022\Community\VC\Tools\MSVC\14.37.32822\include\exception(39): note: see declaration of 'std::exception'
C:\Users\Patri\Documents\GitHub\quake2-rerelease-dll\rerelease\vcpkg_installed\vcpkg\blds\jsoncpp\src\3918c327b1-034a82149a.clean\include\json\value.h(67): note: see declaration of 'Json::Exception'
[6/8] C:\PROGRA~1\MICROS~2\2022\COMMUN~1\VC\Tools\MSVC\1437~1.328\bin\Hostx64\x86\cl.exe   /TP -DJSON_DLL_BUILD -Djsoncpp_lib_EXPORTS -IC:\Users\Patri\Documents\GitHub\quake2-rerelease-dll\rerelease\vcpkg_installed\vcpkg\blds\jsoncpp\src\3918c327b1-034a82149a.clean\include -IC:\Users\Patri\Documents\GitHub\quake2-rerelease-dll\rerelease\vcpkg_installed\vcpkg\blds\jsoncpp\src\3918c327b1-034a82149a.clean\src\lib_json\..\..\include -IC:\Users\Patri\Documents\GitHub\quake2-rerelease-dll\rerelease\vcpkg_installed\vcpkg\blds\jsoncpp\x86-windows-rel\include\json /nologo /DWIN32 /D_WINDOWS /W3 /utf-8 /GR /EHsc /MP  /MD /O2 /Oi /Gy /DNDEBUG /Z7 /showIncludes /Fosrc\lib_json\CMakeFiles\jsoncpp_lib.dir\json_reader.cpp.obj /Fdsrc\lib_json\CMakeFiles\jsoncpp_lib.dir\ /FS -c C:\Users\Patri\Documents\GitHub\quake2-rerelease-dll\rerelease\vcpkg_installed\vcpkg\blds\jsoncpp\src\3918c327b1-034a82149a.clean\src\lib_json\json_reader.cpp
C:\Users\Patri\Documents\GitHub\quake2-rerelease-dll\rerelease\vcpkg_installed\vcpkg\blds\jsoncpp\src\3918c327b1-034a82149a.clean\include\json\value.h(67): warning C4275: non dll-interface class 'std::exception' used as base for dll-interface class 'Json::Exception'
C:\Program Files\Microsoft Visual Studio\2022\Community\VC\Tools\MSVC\14.37.32822\include\exception(39): note: see declaration of 'std::exception'
C:\Users\Patri\Documents\GitHub\quake2-rerelease-dll\rerelease\vcpkg_installed\vcpkg\blds\jsoncpp\src\3918c327b1-034a82149a.clean\include\json\value.h(67): note: see declaration of 'Json::Exception'
[7/8] cmd.exe /C "cd . && C:\Users\Patri\AppData\Local\vcpkg\downloads\tools\cmake-3.25.1-windows\cmake-3.25.1-windows-i386\bin\cmake.exe -E vs_link_dll --intdir=src\lib_json\CMakeFiles\jsoncpp_lib.dir --rc=C:\PROGRA~2\WI3CF2~1\10\bin\100226~1.0\x64\rc.exe --mt=C:\PROGRA~2\WI3CF2~1\10\bin\100226~1.0\x64\mt.exe --manifests  -- C:\PROGRA~1\MICROS~2\2022\COMMUN~1\VC\Tools\MSVC\1437~1.328\bin\Hostx64\x86\link.exe  src\lib_json\CMakeFiles\jsoncpp_lib.dir\json_reader.cpp.obj src\lib_json\CMakeFiles\jsoncpp_lib.dir\json_value.cpp.obj src\lib_json\CMakeFiles\jsoncpp_lib.dir\json_writer.cpp.obj  /out:bin\jsoncpp.dll /implib:lib\jsoncpp.lib /pdb:bin\jsoncpp.pdb /dll /version:1.9 /machine:X86 /nologo /DEBUG /INCREMENTAL:NO /OPT:REF /OPT:ICF  kernel32.lib user32.lib gdi32.lib winspool.lib shell32.lib ole32.lib oleaut32.lib uuid.lib comdlg32.lib advapi32.lib  && cd ."
[7/8] cmd.exe /C "cd /D C:\Users\Patri\Documents\GitHub\quake2-rerelease-dll\rerelease\vcpkg_installed\vcpkg\blds\jsoncpp\x86-windows-rel && C:\Users\Patri\AppD-- Install configuration: "Release"
-- Installing: C:/Users/Patri/Documents/GitHub/quake2-rerelease-dll/rerelease/vcpkg_installed/vcpkg/pkgs/jsoncpp_x86-windows/lib/cmake/jsoncpp/jsoncppConfig.cmake
-- Installing: C:/Users/Patri/Documents/GitHub/quake2-rerelease-dll/rerelease/vcpkg_installed/vcpkg/pkgs/jsoncpp_x86-windows/lib/cmake/jsoncpp/jsoncppConfig-release.cmake
-- Installing: C:/Users/Patri/Documents/GitHub/quake2-rerelease-dll/rerelease/vcpkg_installed/vcpkg/pkgs/jsoncpp_x86-windows/lib/cmake/jsoncpp/jsoncppConfigVersion.cmake
-- Installing: C:/Users/Patri/Documents/GitHub/quake2-rerelease-dll/rerelease/vcpkg_installed/vcpkg/pkgs/jsoncpp_x86-windows/lib/jsoncpp.lib
-- Installing: C:/Users/Patri/Documents/GitHub/quake2-rerelease-dll/rerelease/vcpkg_installed/vcpkg/pkgs/jsoncpp_x86-windows/bin/jsoncpp.dll
-- Installing: C:/Users/Patri/Documents/GitHub/quake2-rerelease-dll/rerelease/vcpkg_installed/vcpkg/pkgs/jsoncpp_x86-windows/lib/objects-Release/jsoncpp_object/json_reader.cpp.obj
-- Installing: C:/Users/Patri/Documents/GitHub/quake2-rerelease-dll/rerelease/vcpkg_installed/vcpkg/pkgs/jsoncpp_x86-windows/lib/objects-Release/jsoncpp_object/json_value.cpp.obj
-- Installing: C:/Users/Patri/Documents/GitHub/quake2-rerelease-dll/rerelease/vcpkg_installed/vcpkg/pkgs/jsoncpp_x86-windows/lib/objects-Release/jsoncpp_object/json_writer.cpp.obj
-- Installing: C:/Users/Patri/Documents/GitHub/quake2-rerelease-dll/rerelease/vcpkg_installed/vcpkg/pkgs/jsoncpp_x86-windows/include/json/allocator.h
-- Installing: C:/Users/Patri/Documents/GitHub/quake2-rerelease-dll/rerelease/vcpkg_installed/vcpkg/pkgs/jsoncpp_x86-windows/include/json/assertions.h
-- Installing: C:/Users/Patri/Documents/GitHub/quake2-rerelease-dll/rerelease/vcpkg_installed/vcpkg/pkgs/jsoncpp_x86-windows/include/json/config.h
-- Installing: C:/Users/Patri/Documents/GitHub/quake2-rerelease-dll/rerelease/vcpkg_installed/vcpkg/pkgs/jsoncpp_x86-windows/include/json/forwards.h
-- Installing: C:/Users/Patri/Documents/GitHub/quake2-rerelease-dll/rerelease/vcpkg_installed/vcpkg/pkgs/jsoncpp_x86-windows/include/json/json.h
-- Installing: C:/Users/Patri/Documents/GitHub/quake2-rerelease-dll/rerelease/vcpkg_installed/vcpkg/pkgs/jsoncpp_x86-windows/include/json/json_features.h
-- Installing: C:/Users/Patri/Documents/GitHub/quake2-rerelease-dll/rerelease/vcpkg_installed/vcpkg/pkgs/jsoncpp_x86-windows/include/json/reader.h
-- Installing: C:/Users/Patri/Documents/GitHub/quake2-rerelease-dll/rerelease/vcpkg_installed/vcpkg/pkgs/jsoncpp_x86-windows/include/json/value.h
-- Installing: C:/Users/Patri/Documents/GitHub/quake2-rerelease-dll/rerelease/vcpkg_installed/vcpkg/pkgs/jsoncpp_x86-windows/include/json/version.h
-- Installing: C:/Users/Patri/Documents/GitHub/quake2-rerelease-dll/rerelease/vcpkg_installed/vcpkg/pkgs/jsoncpp_x86-windows/include/json/writer.h
ata\Local\vcpkg\downloads\tools\cmake-3.25.1-windows\cmake-3.25.1-windows-i386\bin\cmake.exe -P cmake_install.cmake"
