The target system is: Windows - 10.0.19045 - x86
The host system is: Windows - 10.0.19045 - AMD64
Compiling the CXX compiler identification source file "CMakeCXXCompilerId.cpp" succeeded.
Compiler: C:/Program Files/Microsoft Visual Studio/2022/Community/VC/Tools/MSVC/14.37.32822/bin/Hostx64/x86/cl.exe 
Build flags: ;/nologo;/DWIN32;/D_WINDOWS;/W3;/utf-8;/GR;/EHsc;/MP;
Id flags:  

The output was:
0
CMakeCXXCompilerId.cpp


Compilation of the CXX compiler identification source "CMakeCXXCompilerId.cpp" produced "CMakeCXXCompilerId.exe"

Compilation of the CXX compiler identification source "CMakeCXXCompilerId.cpp" produced "CMakeCXXCompilerId.obj"

The CXX compiler identification is MSVC, found in "C:/Users/Patri/Documents/GitHub/quake2-rerelease-dll/rerelease/vcpkg_installed/vcpkg/blds/fmt/x86-windows-rel/CMakeFiles/3.25.1/CompilerIdCXX/CMakeCXXCompilerId.exe"

Detecting CXX compiler ABI info compiled with the following output:
Change Dir: C:/Users/Patri/Documents/GitHub/quake2-rerelease-dll/rerelease/vcpkg_installed/vcpkg/blds/fmt/x86-windows-rel/CMakeFiles/CMakeScratch/TryCompile-mva2ak

Run Build Command(s):C:/Program Files/Microsoft Visual Studio/2022/Community/Common7/IDE/CommonExtensions/Microsoft/CMake/Ninja/ninja.exe cmTC_c8e2e && [1/2] Building CXX object CMakeFiles\cmTC_c8e2e.dir\CMakeCXXCompilerABI.cpp.obj
[2/2] Linking CXX executable cmTC_c8e2e.exe



Performing C++ SOURCE FILE Test SUPPORTS_USER_DEFINED_LITERALS succeeded with the following output:
Change Dir: C:/Users/Patri/Documents/GitHub/quake2-rerelease-dll/rerelease/vcpkg_installed/vcpkg/blds/fmt/x86-windows-rel/CMakeFiles/CMakeScratch/TryCompile-ekh8q8

Run Build Command(s):C:/Program Files/Microsoft Visual Studio/2022/Community/Common7/IDE/CommonExtensions/Microsoft/CMake/Ninja/ninja.exe cmTC_7010e && [1/2] Building CXX object CMakeFiles\cmTC_7010e.dir\src.cxx.obj
[2/2] Linking CXX executable cmTC_7010e.exe


Source file was:

  void operator"" _udl(long double);
  int main() {}

Performing C++ SOURCE FILE Test FMT_HAS_VARIANT succeeded with the following output:
Change Dir: C:/Users/Patri/Documents/GitHub/quake2-rerelease-dll/rerelease/vcpkg_installed/vcpkg/blds/fmt/x86-windows-rel/CMakeFiles/CMakeScratch/TryCompile-qxi0pc

Run Build Command(s):C:/Program Files/Microsoft Visual Studio/2022/Community/Common7/IDE/CommonExtensions/Microsoft/CMake/Ninja/ninja.exe cmTC_12424 && [1/2] Building CXX object CMakeFiles\cmTC_12424.dir\src.cxx.obj
cl : Command line warning D9002 : ignoring unknown option '-std=c++1z'
C:\Program Files\Microsoft Visual Studio\2022\Community\VC\Tools\MSVC\14.37.32822\include\variant(13): warning STL4038: The contents of <variant> are available only with C++17 or later.
[2/2] Linking CXX executable cmTC_12424.exe


Source file was:

  #include <variant>
  int main() {}

Determining if the _strtod_l exist passed with the following output:
Change Dir: C:/Users/Patri/Documents/GitHub/quake2-rerelease-dll/rerelease/vcpkg_installed/vcpkg/blds/fmt/x86-windows-rel/CMakeFiles/CMakeScratch/TryCompile-yg9lpu

Run Build Command(s):C:/Program Files/Microsoft Visual Studio/2022/Community/Common7/IDE/CommonExtensions/Microsoft/CMake/Ninja/ninja.exe cmTC_369c1 && [1/2] Building CXX object CMakeFiles\cmTC_369c1.dir\CheckSymbolExists.cxx.obj
[2/2] Linking CXX executable cmTC_369c1.exe


File CheckSymbolExists.cxx:
/* */
#include <stdlib.h>

int main(int argc, char** argv)
{
  (void)argv;
#ifndef _strtod_l
  return ((int*)(&_strtod_l))[argc];
#else
  (void)argc;
  return 0;
#endif
}
