c:\users\patri\documents\github\quake2-rerelease-dll\rerelease\x64\release\g_chase.obj
c:\users\patri\documents\github\quake2-rerelease-dll\rerelease\x64\release\m_berserk.obj
c:\users\patri\documents\github\quake2-rerelease-dll\rerelease\x64\release\p_hud.obj
c:\users\patri\documents\github\quake2-rerelease-dll\rerelease\x64\release\g_xatrix_monster.obj
c:\users\patri\documents\github\quake2-rerelease-dll\rerelease\x64\release\g_target.obj
c:\users\patri\documents\github\quake2-rerelease-dll\rerelease\x64\release\m_medic.obj
c:\users\patri\documents\github\quake2-rerelease-dll\rerelease\x64\release\g_rogue_newweap.obj
c:\users\patri\documents\github\quake2-rerelease-dll\rerelease\x64\release\g_cmds.obj
c:\users\patri\documents\github\quake2-rerelease-dll\rerelease\x64\release\m_guardian.obj
c:\users\patri\documents\github\quake2-rerelease-dll\rerelease\x64\release\g_rogue_misc.obj
c:\users\patri\documents\github\quake2-rerelease-dll\rerelease\x64\release\g_xatrix_target.obj
c:\users\patri\documents\github\quake2-rerelease-dll\rerelease\x64\release\cg_main.obj
c:\users\patri\documents\github\quake2-rerelease-dll\rerelease\x64\release\g_utils.obj
c:\users\patri\documents\github\quake2-rerelease-dll\rerelease\x64\release\m_parasite.obj
c:\users\patri\documents\github\quake2-rerelease-dll\rerelease\x64\release\g_rogue_spawn.obj
c:\users\patri\documents\github\quake2-rerelease-dll\rerelease\x64\release\g_save.obj
c:\users\patri\documents\github\quake2-rerelease-dll\rerelease\x64\release\m_mutant.obj
c:\users\patri\documents\github\quake2-rerelease-dll\rerelease\x64\release\g_rogue_newtrig.obj
c:\users\patri\documents\github\quake2-rerelease-dll\rerelease\x64\release\p_xatrix_weapon.obj
c:\users\patri\documents\github\quake2-rerelease-dll\rerelease\x64\release\g_svcmds.obj
c:\users\patri\documents\github\quake2-rerelease-dll\rerelease\x64\release\m_arachnid.obj
c:\users\patri\documents\github\quake2-rerelease-dll\rerelease\x64\release\m_soldier.obj
c:\users\patri\documents\github\quake2-rerelease-dll\rerelease\x64\release\m_rogue_turret.obj
c:\users\patri\documents\github\quake2-rerelease-dll\rerelease\x64\release\g_ai.obj
c:\users\patri\documents\github\quake2-rerelease-dll\rerelease\x64\release\m_chick.obj
c:\users\patri\documents\github\quake2-rerelease-dll\rerelease\x64\release\p_weapon.obj
c:\users\patri\documents\github\quake2-rerelease-dll\rerelease\x64\release\rogue_dm_tag.obj
c:\users\patri\documents\github\quake2-rerelease-dll\rerelease\x64\release\g_combat.obj
c:\users\patri\documents\github\quake2-rerelease-dll\rerelease\x64\release\m_boss31.obj
c:\users\patri\documents\github\quake2-rerelease-dll\rerelease\x64\release\p_client.obj
c:\users\patri\documents\github\quake2-rerelease-dll\rerelease\x64\release\g_xatrix_func.obj
c:\users\patri\documents\github\quake2-rerelease-dll\rerelease\x64\release\g_func.obj
c:\users\patri\documents\github\quake2-rerelease-dll\rerelease\x64\release\m_guncmdr.obj
c:\users\patri\documents\github\quake2-rerelease-dll\rerelease\x64\release\g_rogue_newai.obj
c:\users\patri\documents\github\quake2-rerelease-dll\rerelease\x64\release\g_monster.obj
c:\users\patri\documents\github\quake2-rerelease-dll\rerelease\x64\release\m_gunner.obj
c:\users\patri\documents\github\quake2-rerelease-dll\rerelease\x64\release\g_rogue_monster.obj
c:\users\patri\documents\github\quake2-rerelease-dll\rerelease\x64\release\g_xatrix_weapon.obj
c:\users\patri\documents\github\quake2-rerelease-dll\rerelease\x64\release\g_turret.obj
c:\users\patri\documents\github\quake2-rerelease-dll\rerelease\x64\release\m_flipper.obj
c:\users\patri\documents\github\quake2-rerelease-dll\rerelease\x64\release\p_view.obj
c:\users\patri\documents\github\quake2-rerelease-dll\rerelease\x64\release\m_rogue_widow2.obj
c:\users\patri\documents\github\quake2-rerelease-dll\rerelease\x64\release\p_ctf_menu.obj
c:\users\patri\documents\github\quake2-rerelease-dll\rerelease\x64\release\m_brain.obj
c:\users\patri\documents\github\quake2-rerelease-dll\rerelease\x64\release\p_trail.obj
c:\users\patri\documents\github\quake2-rerelease-dll\rerelease\x64\release\m_rogue_widow.obj
c:\users\patri\documents\github\quake2-rerelease-dll\rerelease\x64\release\g_items.obj
c:\users\patri\documents\github\quake2-rerelease-dll\rerelease\x64\release\m_hover.obj
c:\users\patri\documents\github\quake2-rerelease-dll\rerelease\x64\release\g_rogue_newdm.obj
c:\users\patri\documents\github\quake2-rerelease-dll\rerelease\x64\release\m_xatrix_fixbot.obj
c:\users\patri\documents\github\quake2-rerelease-dll\rerelease\x64\release\bot_exports.obj
c:\users\patri\documents\github\quake2-rerelease-dll\rerelease\x64\release\m_actor.obj
c:\users\patri\documents\github\quake2-rerelease-dll\rerelease\x64\release\q_std.obj
c:\users\patri\documents\github\quake2-rerelease-dll\rerelease\x64\release\g_xatrix_misc.obj
c:\users\patri\documents\github\quake2-rerelease-dll\rerelease\x64\release\cg_screen.obj
c:\users\patri\documents\github\quake2-rerelease-dll\rerelease\x64\release\g_weapon.obj
c:\users\patri\documents\github\quake2-rerelease-dll\rerelease\x64\release\m_shambler.obj
c:\users\patri\documents\github\quake2-rerelease-dll\rerelease\x64\release\g_rogue_utils.obj
c:\users\patri\documents\github\quake2-rerelease-dll\rerelease\x64\release\g_spawn.obj
c:\users\patri\documents\github\quake2-rerelease-dll\rerelease\x64\release\m_insane.obj
c:\users\patri\documents\github\quake2-rerelease-dll\rerelease\x64\release\g_rogue_phys.obj
c:\users\patri\documents\github\quake2-rerelease-dll\rerelease\x64\release\bot_debug.obj
c:\users\patri\documents\github\quake2-rerelease-dll\rerelease\x64\release\m_boss2.obj
c:\users\patri\documents\github\quake2-rerelease-dll\rerelease\x64\release\m_supertank.obj
c:\users\patri\documents\github\quake2-rerelease-dll\rerelease\x64\release\m_rogue_carrier.obj
c:\users\patri\documents\github\quake2-rerelease-dll\rerelease\x64\release\g_phys.obj
c:\users\patri\documents\github\quake2-rerelease-dll\rerelease\x64\release\m_boss32.obj
c:\users\patri\documents\github\quake2-rerelease-dll\rerelease\x64\release\p_move.obj
c:\users\patri\documents\github\quake2-rerelease-dll\rerelease\x64\release\g_rogue_sphere.obj
c:\users\patri\documents\github\quake2-rerelease-dll\rerelease\x64\release\g_trigger.obj
c:\users\patri\documents\github\quake2-rerelease-dll\rerelease\x64\release\m_flyer.obj
c:\users\patri\documents\github\quake2-rerelease-dll\rerelease\x64\release\g_rogue_func.obj
c:\users\patri\documents\github\quake2-rerelease-dll\rerelease\x64\release\rogue_dm_ball.obj
c:\users\patri\documents\github\quake2-rerelease-dll\rerelease\x64\release\bot_think.obj
c:\users\patri\documents\github\quake2-rerelease-dll\rerelease\x64\release\m_boss3.obj
c:\users\patri\documents\github\quake2-rerelease-dll\rerelease\x64\release\m_tank.obj
c:\users\patri\documents\github\quake2-rerelease-dll\rerelease\x64\release\m_rogue_stalker.obj
c:\users\patri\documents\github\quake2-rerelease-dll\rerelease\x64\release\bot_utils.obj
c:\users\patri\documents\github\quake2-rerelease-dll\rerelease\x64\release\m_gladiator.obj
c:\users\patri\documents\github\quake2-rerelease-dll\rerelease\x64\release\g_rogue_items.obj
c:\users\patri\documents\github\quake2-rerelease-dll\rerelease\x64\release\g_xatrix_items.obj
c:\users\patri\documents\github\quake2-rerelease-dll\rerelease\x64\release\g_misc.obj
c:\users\patri\documents\github\quake2-rerelease-dll\rerelease\x64\release\m_infantry.obj
c:\users\patri\documents\github\quake2-rerelease-dll\rerelease\x64\release\g_rogue_newfnc.obj
c:\users\patri\documents\github\quake2-rerelease-dll\rerelease\x64\release\m_xatrix_gekk.obj
c:\users\patri\documents\github\quake2-rerelease-dll\rerelease\x64\release\g_ctf.obj
c:\users\patri\documents\github\quake2-rerelease-dll\rerelease\x64\release\m_move.obj
c:\users\patri\documents\github\quake2-rerelease-dll\rerelease\x64\release\g_rogue_newtarg.obj
c:\users\patri\documents\github\quake2-rerelease-dll\rerelease\x64\release\g_main.obj
c:\users\patri\documents\github\quake2-rerelease-dll\rerelease\x64\release\m_float.obj
c:\users\patri\documents\github\quake2-rerelease-dll\rerelease\x64\release\g_rogue_combat.obj
c:\users\patri\documents\github\quake2-rerelease-dll\rerelease\x64\release\p_rogue_weapon.obj
c:\users\patri\documents\github\quake2-rerelease-dll\rerelease\x64\release\vc143.pdb
c:\users\patri\documents\github\quake2-rerelease-dll\game_x64.dll
c:\users\patri\documents\github\quake2-rerelease-dll\rerelease\x64\release\game_x64.ipdb
c:\users\patri\documents\github\quake2-rerelease-dll\game_x64.pdb
c:\users\patri\documents\github\quake2-rerelease-dll\rerelease\x64\release\game_x64.iobj
c:\users\patri\documents\github\quake2-rerelease-dll\game_x64.lib
c:\users\patri\documents\github\quake2-rerelease-dll\game_x64.exp
c:\users\patri\documents\github\quake2-rerelease-dll\rerelease\x64\release\game.tlog\cl.11512.write.1.tlog
c:\users\patri\documents\github\quake2-rerelease-dll\rerelease\x64\release\game.tlog\cl.command.1.tlog
c:\users\patri\documents\github\quake2-rerelease-dll\rerelease\x64\release\game.tlog\cl.items.tlog
c:\users\patri\documents\github\quake2-rerelease-dll\rerelease\x64\release\game.tlog\cl.read.1.tlog
c:\users\patri\documents\github\quake2-rerelease-dll\rerelease\x64\release\game.tlog\link.command.1.tlog
c:\users\patri\documents\github\quake2-rerelease-dll\rerelease\x64\release\game.tlog\link.read.1.tlog
c:\users\patri\documents\github\quake2-rerelease-dll\rerelease\x64\release\game.tlog\link.write.1.tlog
c:\users\patri\documents\github\quake2-rerelease-dll\rerelease\x64\release\game.tlog\link.write.2u.tlog
c:\users\patri\documents\github\quake2-rerelease-dll\rerelease\x64\release\game.tlog\vcpkginstallmanifestx64-windows-static.read.1u.tlog
